C:\USERS\12409\DOCUMENTS\VISUAL STUDIO 2010\PROJECTS\STUDENTINFOSYSTEM\STUDENTINFOSYSTEM\DEBUG\__STRING.OBJ
C:\USERS\12409\DOCUMENTS\VISUAL STUDIO 2010\PROJECTS\STUDENTINFOSYSTEM\STUDENTINFOSYSTEM\DEBUG\CHECK.OBJ
C:\Users\12409\Documents\Visual Studio 2010\Projects\StudentInfoSystem\StudentInfoSystem\Debug\cl.command.1.tlog
C:\Users\12409\Documents\Visual Studio 2010\Projects\StudentInfoSystem\StudentInfoSystem\Debug\CL.read.1.tlog
C:\Users\12409\Documents\Visual Studio 2010\Projects\StudentInfoSystem\StudentInfoSystem\Debug\CL.write.1.tlog
C:\USERS\12409\DOCUMENTS\VISUAL STUDIO 2010\PROJECTS\STUDENTINFOSYSTEM\STUDENTINFOSYSTEM\DEBUG\COURSE.OBJ
C:\USERS\12409\DOCUMENTS\VISUAL STUDIO 2010\PROJECTS\STUDENTINFOSYSTEM\STUDENTINFOSYSTEM\DEBUG\COURSE_LIST.OBJ
C:\USERS\12409\DOCUMENTS\VISUAL STUDIO 2010\PROJECTS\STUDENTINFOSYSTEM\STUDENTINFOSYSTEM\DEBUG\EDITOR.OBJ
C:\USERS\12409\DOCUMENTS\VISUAL STUDIO 2010\PROJECTS\STUDENTINFOSYSTEM\STUDENTINFOSYSTEM\DEBUG\EXCEPTIO.OBJ
C:\USERS\12409\DOCUMENTS\VISUAL STUDIO 2010\PROJECTS\STUDENTINFOSYSTEM\STUDENTINFOSYSTEM\DEBUG\FILEUI.OBJ
C:\USERS\12409\DOCUMENTS\VISUAL STUDIO 2010\PROJECTS\STUDENTINFOSYSTEM\STUDENTINFOSYSTEM\DEBUG\GENLIB.OBJ
C:\USERS\12409\DOCUMENTS\VISUAL STUDIO 2010\PROJECTS\STUDENTINFOSYSTEM\STUDENTINFOSYSTEM\DEBUG\GRAPHICS.OBJ
C:\USERS\12409\DOCUMENTS\VISUAL STUDIO 2010\PROJECTS\STUDENTINFOSYSTEM\STUDENTINFOSYSTEM\DEBUG\HELPASSISTANCE.OBJ
C:\USERS\12409\DOCUMENTS\VISUAL STUDIO 2010\PROJECTS\STUDENTINFOSYSTEM\STUDENTINFOSYSTEM\DEBUG\HELPUI.OBJ
C:\USERS\12409\DOCUMENTS\VISUAL STUDIO 2010\PROJECTS\STUDENTINFOSYSTEM\STUDENTINFOSYSTEM\DEBUG\IMGUI.OBJ
C:\USERS\12409\DOCUMENTS\VISUAL STUDIO 2010\PROJECTS\STUDENTINFOSYSTEM\STUDENTINFOSYSTEM\DEBUG\OPTCOURSE.OBJ
C:\USERS\12409\DOCUMENTS\VISUAL STUDIO 2010\PROJECTS\STUDENTINFOSYSTEM\STUDENTINFOSYSTEM\DEBUG\OPTCOURSE_LIST.OBJ
C:\USERS\12409\DOCUMENTS\VISUAL STUDIO 2010\PROJECTS\STUDENTINFOSYSTEM\STUDENTINFOSYSTEM\DEBUG\RANDOM.OBJ
C:\USERS\12409\DOCUMENTS\VISUAL STUDIO 2010\PROJECTS\STUDENTINFOSYSTEM\STUDENTINFOSYSTEM\DEBUG\SIMPIO.OBJ
C:\USERS\12409\DOCUMENTS\VISUAL STUDIO 2010\PROJECTS\STUDENTINFOSYSTEM\STUDENTINFOSYSTEM\DEBUG\STRLIB.OBJ
C:\USERS\12409\DOCUMENTS\VISUAL STUDIO 2010\PROJECTS\STUDENTINFOSYSTEM\STUDENTINFOSYSTEM\DEBUG\STUDENT_LIST.OBJ
C:\Users\12409\Documents\Visual Studio 2010\Projects\StudentInfoSystem\StudentInfoSystem\Debug\vc100.idb
C:\USERS\12409\DOCUMENTS\VISUAL STUDIO 2010\PROJECTS\STUDENTINFOSYSTEM\STUDENTINFOSYSTEM\DEBUG\VC100.PDB
